2026-01-09 10:34:16,242 - EconomyBot - INFO - ============================================================
2026-01-09 10:34:16,242 - EconomyBot - INFO - INICIANDO BOT DE ECONOMÍA
2026-01-09 10:34:16,242 - EconomyBot - INFO - ============================================================
2026-01-09 10:34:16,242 - EconomyBot - DEBUG - Cargando variables de entorno...
2026-01-09 10:34:16,243 - EconomyBot - DEBUG - Variables de entorno cargadas
2026-01-09 10:34:16,244 - EconomyBot - DEBUG - Token encontrado: No
2026-01-09 10:34:16,244 - EconomyBot - ERROR - ERROR CRÍTICO: No se encontró DISCORD_TOKEN en el archivo .env
2026-01-09 10:34:16,244 - EconomyBot - ERROR - Directorio actual: C:\Users\GIGABYTE\Desktop\asd\Economy-Project\Economy-Project
2026-01-09 10:34:16,244 - EconomyBot - ERROR - Archivo .env existe: True
2026-01-09 10:34:16,244 - EconomyBot - INFO - Ejecuta configurator.py para configurar el bot
2026-01-09 10:34:24,274 - EconomyBot - INFO - ============================================================
2026-01-09 10:34:24,274 - EconomyBot - INFO - INICIANDO BOT DE ECONOMÍA
2026-01-09 10:34:24,274 - EconomyBot - INFO - ============================================================
2026-01-09 10:34:24,274 - EconomyBot - DEBUG - Cargando variables de entorno...
2026-01-09 10:34:24,275 - EconomyBot - DEBUG - Variables de entorno cargadas
2026-01-09 10:34:24,275 - EconomyBot - DEBUG - Token encontrado: No
2026-01-09 10:34:24,275 - EconomyBot - ERROR - ERROR CRÍTICO: No se encontró DISCORD_TOKEN en el archivo .env
2026-01-09 10:34:24,275 - EconomyBot - ERROR - Directorio actual: C:\Users\GIGABYTE\Desktop\asd\Economy-Project\Economy-Project
2026-01-09 10:34:24,275 - EconomyBot - ERROR - Archivo .env existe: True
2026-01-09 10:34:24,275 - EconomyBot - INFO - Ejecuta configurator.py para configurar el bot
